Logfile initialized
[INFO] logfile = /Users/Maebe/Documents/Titanium Studio Workspace/mibarra_assignment4/build.log
[DEBUG] /Users/Maebe/Library/Application Support/Titanium/mobilesdk/osx/1.8.1/android/builder.py install Social To Do /Users/Maebe/android-sdks /Users/Maebe/Documents/Titanium Studio Workspace/mibarra_assignment4 org.vt.ece3574.mibarraAssignment4 8
[INFO] Titanium SDK version: 1.8.1 (01/27/12 17:31 a24502a)
[DEBUG] Waiting for device to be ready ...
[TRACE] adb devices returned 1 devices/emulators
[DEBUG] Device connected... (waited 0 seconds)
[DEBUG] waited 0.012667 seconds on emulator to get ready
[DEBUG] org.vt.ece3574.mibarraAssignment4 installed? False
[INFO] Copying project resources..
[INFO] Detected tiapp.xml change (or assets deleted), forcing full re-build...
[TRACE] COPYING CREATED FILE: /Users/Maebe/Documents/Titanium Studio Workspace/mibarra_assignment4/Resources/AddWindow.js => /Users/Maebe/Documents/Titanium Studio Workspace/mibarra_assignment4/build/android/bin/assets/Resources/AddWindow.js
[TRACE] COPYING CREATED FILE: /Users/Maebe/Documents/Titanium Studio Workspace/mibarra_assignment4/Resources/android/appicon.png => /Users/Maebe/Documents/Titanium Studio Workspace/mibarra_assignment4/build/android/bin/assets/Resources/appicon.png
[TRACE] COPYING CREATED FILE: /Users/Maebe/Documents/Titanium Studio Workspace/mibarra_assignment4/Resources/android/default.png => /Users/Maebe/Documents/Titanium Studio Workspace/mibarra_assignment4/build/android/bin/assets/Resources/default.png
[TRACE] COPYING CREATED FILE: /Users/Maebe/Documents/Titanium Studio Workspace/mibarra_assignment4/Resources/app.js => /Users/Maebe/Documents/Titanium Studio Workspace/mibarra_assignment4/build/android/bin/assets/Resources/app.js
[TRACE] COPYING CREATED FILE: /Users/Maebe/Documents/Titanium Studio Workspace/mibarra_assignment4/Resources/db.js => /Users/Maebe/Documents/Titanium Studio Workspace/mibarra_assignment4/build/android/bin/assets/Resources/db.js
[TRACE] COPYING CREATED FILE: /Users/Maebe/Documents/Titanium Studio Workspace/mibarra_assignment4/Resources/default_app_icon.png => /Users/Maebe/Documents/Titanium Studio Workspace/mibarra_assignment4/build/android/bin/assets/Resources/default_app_icon.png
[TRACE] COPYING CREATED FILE: /Users/Maebe/Documents/Titanium Studio Workspace/mibarra_assignment4/Resources/KS_nav_ui.png => /Users/Maebe/Documents/Titanium Studio Workspace/mibarra_assignment4/build/android/bin/assets/Resources/KS_nav_ui.png
[TRACE] COPYING CREATED FILE: /Users/Maebe/Documents/Titanium Studio Workspace/mibarra_assignment4/Resources/KS_nav_views.png => /Users/Maebe/Documents/Titanium Studio Workspace/mibarra_assignment4/build/android/bin/assets/Resources/KS_nav_views.png
[TRACE] COPYING CREATED FILE: /Users/Maebe/Documents/Titanium Studio Workspace/mibarra_assignment4/Resources/tabgroup.js => /Users/Maebe/Documents/Titanium Studio Workspace/mibarra_assignment4/build/android/bin/assets/Resources/tabgroup.js
[TRACE] COPYING CREATED FILE: /Users/Maebe/Documents/Titanium Studio Workspace/mibarra_assignment4/Resources/tableview.js => /Users/Maebe/Documents/Titanium Studio Workspace/mibarra_assignment4/build/android/bin/assets/Resources/tableview.js
[TRACE] COPYING CREATED FILE: /Users/Maebe/Documents/Titanium Studio Workspace/mibarra_assignment4/Resources/todo.sqlite => /Users/Maebe/Documents/Titanium Studio Workspace/mibarra_assignment4/build/android/bin/assets/Resources/todo.sqlite
[TRACE] COPYING CREATED FILE: /Users/Maebe/Documents/Titanium Studio Workspace/mibarra_assignment4/Resources/ui.js => /Users/Maebe/Documents/Titanium Studio Workspace/mibarra_assignment4/build/android/bin/assets/Resources/ui.js
[TRACE] Generating Java Classes
[DEBUG] Processing Android resource drawables
[DEBUG] app stylesheet => /Users/Maebe/Documents/Titanium Studio Workspace/mibarra_assignment4/build/android/gen/org/vt/ece3574/mibarraAssignment4/ApplicationStylesheet.java
[DEBUG] copying app icon: /Users/Maebe/Documents/Titanium Studio Workspace/mibarra_assignment4/build/android/bin/assets/Resources/appicon.png
[DEBUG] generating theme.xml
[DEBUG] found drawable-long-land-hdpi splash screen at /Users/Maebe/Documents/Titanium Studio Workspace/mibarra_assignment4/Resources/android/images/res-long-land-hdpi/default.png
[DEBUG] copying /Users/Maebe/Documents/Titanium Studio Workspace/mibarra_assignment4/Resources/android/images/res-long-land-hdpi/default.png splash screen to /Users/Maebe/Documents/Titanium Studio Workspace/mibarra_assignment4/build/android/res/drawable-long-land-hdpi/background.png
[DEBUG] found drawable-long-land-ldpi splash screen at /Users/Maebe/Documents/Titanium Studio Workspace/mibarra_assignment4/Resources/android/images/res-long-land-ldpi/default.png
[DEBUG] copying /Users/Maebe/Documents/Titanium Studio Workspace/mibarra_assignment4/Resources/android/images/res-long-land-ldpi/default.png splash screen to /Users/Maebe/Documents/Titanium Studio Workspace/mibarra_assignment4/build/android/res/drawable-long-land-ldpi/background.png
[DEBUG] found drawable-long-port-hdpi splash screen at /Users/Maebe/Documents/Titanium Studio Workspace/mibarra_assignment4/Resources/android/images/res-long-port-hdpi/default.png
[DEBUG] copying /Users/Maebe/Documents/Titanium Studio Workspace/mibarra_assignment4/Resources/android/images/res-long-port-hdpi/default.png splash screen to /Users/Maebe/Documents/Titanium Studio Workspace/mibarra_assignment4/build/android/res/drawable-long-port-hdpi/background.png
[DEBUG] found drawable-long-port-ldpi splash screen at /Users/Maebe/Documents/Titanium Studio Workspace/mibarra_assignment4/Resources/android/images/res-long-port-ldpi/default.png
[DEBUG] copying /Users/Maebe/Documents/Titanium Studio Workspace/mibarra_assignment4/Resources/android/images/res-long-port-ldpi/default.png splash screen to /Users/Maebe/Documents/Titanium Studio Workspace/mibarra_assignment4/build/android/res/drawable-long-port-ldpi/background.png
[DEBUG] found drawable-notlong-land-hdpi splash screen at /Users/Maebe/Documents/Titanium Studio Workspace/mibarra_assignment4/Resources/android/images/res-notlong-land-hdpi/default.png
[DEBUG] copying /Users/Maebe/Documents/Titanium Studio Workspace/mibarra_assignment4/Resources/android/images/res-notlong-land-hdpi/default.png splash screen to /Users/Maebe/Documents/Titanium Studio Workspace/mibarra_assignment4/build/android/res/drawable-notlong-land-hdpi/background.png
[DEBUG] found drawable-notlong-land-ldpi splash screen at /Users/Maebe/Documents/Titanium Studio Workspace/mibarra_assignment4/Resources/android/images/res-notlong-land-ldpi/default.png
[DEBUG] copying /Users/Maebe/Documents/Titanium Studio Workspace/mibarra_assignment4/Resources/android/images/res-notlong-land-ldpi/default.png splash screen to /Users/Maebe/Documents/Titanium Studio Workspace/mibarra_assignment4/build/android/res/drawable-notlong-land-ldpi/background.png
[DEBUG] found drawable-notlong-land-mdpi splash screen at /Users/Maebe/Documents/Titanium Studio Workspace/mibarra_assignment4/Resources/android/images/res-notlong-land-mdpi/default.png
[DEBUG] copying /Users/Maebe/Documents/Titanium Studio Workspace/mibarra_assignment4/Resources/android/images/res-notlong-land-mdpi/default.png splash screen to /Users/Maebe/Documents/Titanium Studio Workspace/mibarra_assignment4/build/android/res/drawable-notlong-land-mdpi/background.png
[DEBUG] found drawable-notlong-port-hdpi splash screen at /Users/Maebe/Documents/Titanium Studio Workspace/mibarra_assignment4/Resources/android/images/res-notlong-port-hdpi/default.png
[DEBUG] copying /Users/Maebe/Documents/Titanium Studio Workspace/mibarra_assignment4/Resources/android/images/res-notlong-port-hdpi/default.png splash screen to /Users/Maebe/Documents/Titanium Studio Workspace/mibarra_assignment4/build/android/res/drawable-notlong-port-hdpi/background.png
[DEBUG] found drawable-notlong-port-ldpi splash screen at /Users/Maebe/Documents/Titanium Studio Workspace/mibarra_assignment4/Resources/android/images/res-notlong-port-ldpi/default.png
[DEBUG] copying /Users/Maebe/Documents/Titanium Studio Workspace/mibarra_assignment4/Resources/android/images/res-notlong-port-ldpi/default.png splash screen to /Users/Maebe/Documents/Titanium Studio Workspace/mibarra_assignment4/build/android/res/drawable-notlong-port-ldpi/background.png
[DEBUG] found drawable-notlong-port-mdpi splash screen at /Users/Maebe/Documents/Titanium Studio Workspace/mibarra_assignment4/Resources/android/images/res-notlong-port-mdpi/default.png
[DEBUG] copying /Users/Maebe/Documents/Titanium Studio Workspace/mibarra_assignment4/Resources/android/images/res-notlong-port-mdpi/default.png splash screen to /Users/Maebe/Documents/Titanium Studio Workspace/mibarra_assignment4/build/android/res/drawable-notlong-port-mdpi/background.png
[DEBUG] found splash screen at /Users/Maebe/Documents/Titanium Studio Workspace/mibarra_assignment4/build/android/bin/assets/Resources/default.png
[TRACE] Writing out AndroidManifest.xml
[DEBUG] adding /Users/Maebe/Documents/Titanium Studio Workspace/mibarra_assignment4/build/android/gen/org/vt/ece3574/mibarraAssignment4/ApplicationStylesheet.java to javac build list
[DEBUG] adding /Users/Maebe/Documents/Titanium Studio Workspace/mibarra_assignment4/build/android/gen/org/vt/ece3574/mibarraAssignment4/R.java to javac build list
[DEBUG] adding /Users/Maebe/Documents/Titanium Studio Workspace/mibarra_assignment4/build/android/gen/org/vt/ece3574/mibarraAssignment4/SocialToDoActivity.java to javac build list
[DEBUG] adding /Users/Maebe/Documents/Titanium Studio Workspace/mibarra_assignment4/build/android/gen/org/vt/ece3574/mibarraAssignment4/SocialToDoAppInfo.java to javac build list
[DEBUG] adding /Users/Maebe/Documents/Titanium Studio Workspace/mibarra_assignment4/build/android/gen/org/vt/ece3574/mibarraAssignment4/SocialToDoApplication.java to javac build list
[DEBUG] Building Java Sources: "/Users/Maebe/Documents/Titanium Studio Workspace/mibarra_assignment4/build/android/gen/org/vt/ece3574/mibarraAssignment4/ApplicationStylesheet.java" "/Users/Maebe/Documents/Titanium Studio Workspace/mibarra_assignment4/build/android/gen/org/vt/ece3574/mibarraAssignment4/R.java" "/Users/Maebe/Documents/Titanium Studio Workspace/mibarra_assignment4/build/android/gen/org/vt/ece3574/mibarraAssignment4/SocialToDoActivity.java" "/Users/Maebe/Documents/Titanium Studio Workspace/mibarra_assignment4/build/android/gen/org/vt/ece3574/mibarraAssignment4/SocialToDoAppInfo.java" "/Users/Maebe/Documents/Titanium Studio Workspace/mibarra_assignment4/build/android/gen/org/vt/ece3574/mibarraAssignment4/SocialToDoApplication.java"
[INFO] Compiling Android Resources... This could take some time
[DEBUG] Android classes.dex built
[DEBUG] creating unsigned apk: /Users/Maebe/Documents/Titanium Studio Workspace/mibarra_assignment4/build/android/bin/app-unsigned.apk
[DEBUG] from resource zip => assets/Resources/AddWindow.js
[DEBUG] from resource zip => assets/Resources/KS_nav_ui.png
[DEBUG] from resource zip => assets/Resources/KS_nav_views.png
[DEBUG] from resource zip => assets/Resources/app.js
[DEBUG] from resource zip => assets/Resources/appicon.png
[DEBUG] from resource zip => assets/Resources/db.js
[DEBUG] from resource zip => assets/Resources/default.png
[DEBUG] from resource zip => assets/Resources/default_app_icon.png
[DEBUG] from resource zip => assets/Resources/tabgroup.js
[DEBUG] from resource zip => assets/Resources/tableview.js
[DEBUG] from resource zip => assets/Resources/todo.sqlite
[DEBUG] from resource zip => assets/Resources/ui.js
[DEBUG] from resource zip => assets/app.json
[DEBUG] from resource zip => assets/index.json
[DEBUG] from resource zip => assets/tiapp.xml
[DEBUG] from resource zip => res/drawable/appicon.png
[DEBUG] from resource zip => res/drawable/background.png
[DEBUG] from resource zip => res/drawable/close.png
[DEBUG] from resource zip => res/drawable/facebook_login.png
[DEBUG] from resource zip => res/drawable/facebook_login_down.png
[DEBUG] from resource zip => res/drawable/facebook_login_wide.png
[DEBUG] from resource zip => res/drawable/facebook_login_wide_down.png
[DEBUG] from resource zip => res/drawable/facebook_logout.png
[DEBUG] from resource zip => res/drawable/facebook_logout_down.png
[DEBUG] from resource zip => res/layout/titanium_tabgroup.xml
[DEBUG] from resource zip => AndroidManifest.xml
[DEBUG] from resource zip => resources.arsc
[DEBUG] from resource zip => res/drawable-hdpi/close.png
[DEBUG] from resource zip => res/drawable-ldpi/close.png
[DEBUG] from resource zip => res/drawable-long-land-hdpi/background.png
[DEBUG] from resource zip => res/drawable-long-land-ldpi/background.png
[DEBUG] from resource zip => res/drawable-long-port-hdpi/background.png
[DEBUG] from resource zip => res/drawable-long-port-ldpi/background.png
[DEBUG] from resource zip => res/drawable-notlong-land-hdpi/background.png
[DEBUG] from resource zip => res/drawable-notlong-land-ldpi/background.png
[DEBUG] from resource zip => res/drawable-notlong-land-mdpi/background.png
[DEBUG] from resource zip => res/drawable-notlong-port-hdpi/background.png
[DEBUG] from resource zip => res/drawable-notlong-port-ldpi/background.png
[DEBUG] from resource zip => res/drawable-notlong-port-mdpi/background.png
[DEBUG] from JAR /Users/Maebe/Library/Application Support/Titanium/mobilesdk/osx/1.8.1/android/modules/titanium-ui.jar => ti/modules/titanium/ui/widget/webview/binding.js
[DEBUG] from JAR /Users/Maebe/Library/Application Support/Titanium/mobilesdk/osx/1.8.1/android/modules/titanium-ui.jar => ti/modules/titanium/ui/widget/webview/binding.min.js
[DEBUG] from JAR /Users/Maebe/Library/Application Support/Titanium/mobilesdk/osx/1.8.1/android/modules/titanium-ui.jar => ti/modules/titanium/ui/widget/webview/json2.js
[DEBUG] from JAR /Users/Maebe/Library/Application Support/Titanium/mobilesdk/osx/1.8.1/android/modules/titanium-facebook.jar => ti/modules/titanium/facebook/LICENSE
[DEBUG] from JAR /Users/Maebe/Library/Application Support/Titanium/mobilesdk/osx/1.8.1/android/titanium.jar => org/appcelerator/titanium/build.properties
[DEBUG] from JAR /Users/Maebe/Library/Application Support/Titanium/mobilesdk/osx/1.8.1/android/titanium.jar => org/appcelerator/titanium/res/drawable/background.png
[DEBUG] from JAR /Users/Maebe/Library/Application Support/Titanium/mobilesdk/osx/1.8.1/android/titanium.jar => org/appcelerator/titanium/res/drawable/btn_check_buttonless_on.png
[DEBUG] from JAR /Users/Maebe/Library/Application Support/Titanium/mobilesdk/osx/1.8.1/android/titanium.jar => org/appcelerator/titanium/res/drawable/btn_check_buttonless_on_18.png
[DEBUG] from JAR /Users/Maebe/Library/Application Support/Titanium/mobilesdk/osx/1.8.1/android/titanium.jar => org/appcelerator/titanium/res/drawable/btn_check_buttonless_on_48.png
[DEBUG] from JAR /Users/Maebe/Library/Application Support/Titanium/mobilesdk/osx/1.8.1/android/titanium.jar => org/appcelerator/titanium/res/drawable/btn_more.png
[DEBUG] from JAR /Users/Maebe/Library/Application Support/Titanium/mobilesdk/osx/1.8.1/android/titanium.jar => org/appcelerator/titanium/res/drawable/btn_more_18.png
[DEBUG] from JAR /Users/Maebe/Library/Application Support/Titanium/mobilesdk/osx/1.8.1/android/titanium.jar => org/appcelerator/titanium/res/drawable/btn_more_48.png
[DEBUG] from JAR /Users/Maebe/Library/Application Support/Titanium/mobilesdk/osx/1.8.1/android/titanium.jar => org/appcelerator/titanium/res/drawable/btn_picker_normal.9.png
[DEBUG] from JAR /Users/Maebe/Library/Application Support/Titanium/mobilesdk/osx/1.8.1/android/titanium.jar => org/appcelerator/titanium/res/drawable/btn_picker_pressed.9.png
[DEBUG] from JAR /Users/Maebe/Library/Application Support/Titanium/mobilesdk/osx/1.8.1/android/titanium.jar => org/appcelerator/titanium/res/drawable/btn_picker_selected.9.png
[DEBUG] from JAR /Users/Maebe/Library/Application Support/Titanium/mobilesdk/osx/1.8.1/android/titanium.jar => org/appcelerator/titanium/res/drawable/default_icon.png
[DEBUG] from JAR /Users/Maebe/Library/Application Support/Titanium/mobilesdk/osx/1.8.1/android/titanium.jar => org/appcelerator/titanium/res/drawable/photoDefault.png
[DEBUG] Waiting for device to be ready ...
[TRACE] adb devices returned 1 devices/emulators
[DEBUG] Device connected... (waited 0 seconds)
[DEBUG] waited 0.013190 seconds on emulator to get ready
[INFO] Installing application on device
[INFO] Application installed. Launch from drawer on Home Screen
